<?xml version="1.0" encoding="UTF-8"?>
<!-- Generated by org.testng.reporters.JUnitXMLReporter -->
<testsuite hostname="Kirans-MBP.lan" ignored="0" name="Test" tests="6" failures="0" timestamp="05 Apr 2019 13:35:50 GMT" time="0.092" errors="0">
  <testcase name="trial5" time="0.024" classname="mavenproject.WebTest"/>
  <testcase name="trial6" time="0.003" classname="mavenproject.WebTest"/>
  <testcase name="trial1" time="0.003" classname="mavenproject.RemoteTest"/>
  <testcase name="trial2" time="0.001" classname="mavenproject.RemoteTest"/>
  <testcase name="trial3" time="0.004" classname="mavenproject.MobileTest"/>
  <testcase name="trial4" time="0.001" classname="mavenproject.MobileTest"/>
</testsuite> <!-- Test -->
