<?xml version="1.0" encoding="UTF-8"?>
<!-- Generated by org.testng.reporters.JUnitXMLReporter -->
<testsuite hostname="Kirans-MBP.lan" ignored="0" name="Test" tests="4" failures="0" timestamp="2019-04-05T15:08:57 BST" time="0.076" errors="0">
  <testcase name="trial5" time="0.01" classname="mavenproject.WebTest"/>
  <testcase name="trial6" time="0.001" classname="mavenproject.WebTest"/>
  <testcase name="trial1" time="0.001" classname="mavenproject.RemoteTest"/>
  <testcase name="trial2" time="0.0" classname="mavenproject.RemoteTest"/>
</testsuite> <!-- Test -->
