<?xml version="1.0" encoding="UTF-8"?>
<testng-results skipped="0" failed="0" ignored="0" total="4" passed="4">
  <reporter-output>
  </reporter-output>
  <suite name="Suite" duration-ms="76" started-at="2019-04-05T15:08:57 BST" finished-at="2019-04-05T15:08:57 BST">
    <groups>
    </groups>
    <test name="Test" duration-ms="76" started-at="2019-04-05T15:08:57 BST" finished-at="2019-04-05T15:08:57 BST">
      <class name="mavenproject.WebTest">
        <test-method status="PASS" signature="trial5()[pri:0, instance:mavenproject.WebTest@735f7ae5]" name="trial5" duration-ms="10" started-at="2019-04-05T15:08:57 BST" finished-at="2019-04-05T15:08:57 BST">
          <reporter-output>
          </reporter-output>
        </test-method> <!-- trial5 -->
        <test-method status="PASS" signature="trial6()[pri:0, instance:mavenproject.WebTest@735f7ae5]" name="trial6" duration-ms="1" started-at="2019-04-05T15:08:57 BST" finished-at="2019-04-05T15:08:57 BST">
          <reporter-output>
          </reporter-output>
        </test-method> <!-- trial6 -->
      </class> <!-- mavenproject.WebTest -->
      <class name="mavenproject.RemoteTest">
        <test-method status="PASS" signature="trial1()[pri:0, instance:mavenproject.RemoteTest@180bc464]" name="trial1" duration-ms="1" started-at="2019-04-05T15:08:57 BST" finished-at="2019-04-05T15:08:57 BST">
          <reporter-output>
          </reporter-output>
        </test-method> <!-- trial1 -->
        <test-method status="PASS" signature="trial2()[pri:0, instance:mavenproject.RemoteTest@180bc464]" name="trial2" duration-ms="0" started-at="2019-04-05T15:08:57 BST" finished-at="2019-04-05T15:08:57 BST">
          <reporter-output>
          </reporter-output>
        </test-method> <!-- trial2 -->
      </class> <!-- mavenproject.RemoteTest -->
    </test> <!-- Test -->
  </suite> <!-- Suite -->
</testng-results>
