<?xml version="1.0" encoding="UTF-8"?>
<testng-results skipped="0" failed="0" ignored="0" total="6" passed="6">
  <reporter-output>
  </reporter-output>
  <suite name="Suite" duration-ms="123" started-at="2019-04-23T14:21:03 BST" finished-at="2019-04-23T14:21:03 BST">
    <groups>
    </groups>
    <test name="Test" duration-ms="123" started-at="2019-04-23T14:21:03 BST" finished-at="2019-04-23T14:21:03 BST">
      <class name="mavenproject.MobileTest">
        <test-method status="PASS" signature="trial3()[pri:0, instance:mavenproject.MobileTest@dc24521]" name="trial3" duration-ms="1" started-at="2019-04-23T14:21:03 BST" finished-at="2019-04-23T14:21:03 BST">
          <reporter-output>
          </reporter-output>
        </test-method> <!-- trial3 -->
        <test-method status="PASS" signature="trial4()[pri:0, instance:mavenproject.MobileTest@dc24521]" name="trial4" duration-ms="1" started-at="2019-04-23T14:21:03 BST" finished-at="2019-04-23T14:21:03 BST">
          <reporter-output>
          </reporter-output>
        </test-method> <!-- trial4 -->
      </class> <!-- mavenproject.MobileTest -->
      <class name="mavenproject.WebTest">
        <test-method status="PASS" signature="trial5()[pri:0, instance:mavenproject.WebTest@55d56113]" name="trial5" duration-ms="15" started-at="2019-04-23T14:21:03 BST" finished-at="2019-04-23T14:21:03 BST">
          <reporter-output>
          </reporter-output>
        </test-method> <!-- trial5 -->
        <test-method status="PASS" signature="trial6()[pri:0, instance:mavenproject.WebTest@55d56113]" name="trial6" duration-ms="3" started-at="2019-04-23T14:21:03 BST" finished-at="2019-04-23T14:21:03 BST">
          <reporter-output>
          </reporter-output>
        </test-method> <!-- trial6 -->
      </class> <!-- mavenproject.WebTest -->
      <class name="mavenproject.RemoteTest">
        <test-method status="PASS" signature="trial1()[pri:0, instance:mavenproject.RemoteTest@148080bb]" name="trial1" duration-ms="6" started-at="2019-04-23T14:21:03 BST" finished-at="2019-04-23T14:21:03 BST">
          <reporter-output>
          </reporter-output>
        </test-method> <!-- trial1 -->
        <test-method status="PASS" signature="trial2()[pri:0, instance:mavenproject.RemoteTest@148080bb]" name="trial2" duration-ms="2" started-at="2019-04-23T14:21:03 BST" finished-at="2019-04-23T14:21:03 BST">
          <reporter-output>
          </reporter-output>
        </test-method> <!-- trial2 -->
      </class> <!-- mavenproject.RemoteTest -->
    </test> <!-- Test -->
  </suite> <!-- Suite -->
</testng-results>
